[0.282s] Invoking command in '/home/anwar/ros2_Workshop1_ws/src/worksohp1': PYTHONPATH=/home/anwar/ros2_Workshop1_ws/build/worksohp1/prefix_override:/usr/lib/python3/dist-packages/colcon_core/task/python/colcon_distutils_commands:/home/anwar/ros2_Workshop1_ws/install/worksohp1/lib/python3.10/site-packages:${PYTHONPATH} /usr/bin/python3 -W ignore:setup.py install is deprecated setup.py egg_info --egg-base ../../build/worksohp1 build --build-base /home/anwar/ros2_Workshop1_ws/build/worksohp1/build install --record /home/anwar/ros2_Workshop1_ws/build/worksohp1/install.log --single-version-externally-managed install_data
[0.391s] running egg_info
[0.391s] creating ../../build/worksohp1/worksohp1.egg-info
[0.392s] writing ../../build/worksohp1/worksohp1.egg-info/PKG-INFO
[0.392s] writing dependency_links to ../../build/worksohp1/worksohp1.egg-info/dependency_links.txt
[0.392s] writing entry points to ../../build/worksohp1/worksohp1.egg-info/entry_points.txt
[0.392s] writing requirements to ../../build/worksohp1/worksohp1.egg-info/requires.txt
[0.392s] writing top-level names to ../../build/worksohp1/worksohp1.egg-info/top_level.txt
[0.392s] writing manifest file '../../build/worksohp1/worksohp1.egg-info/SOURCES.txt'
[0.392s] reading manifest file '../../build/worksohp1/worksohp1.egg-info/SOURCES.txt'
[0.393s] writing manifest file '../../build/worksohp1/worksohp1.egg-info/SOURCES.txt'
[0.393s] running build
[0.393s] running build_py
[0.393s] creating /home/anwar/ros2_Workshop1_ws/build/worksohp1/build
[0.393s] creating /home/anwar/ros2_Workshop1_ws/build/worksohp1/build/lib
[0.393s] creating /home/anwar/ros2_Workshop1_ws/build/worksohp1/build/lib/worksohp1
[0.393s] copying worksohp1/__init__.py -> /home/anwar/ros2_Workshop1_ws/build/worksohp1/build/lib/worksohp1
[0.393s] running install
[0.393s] running install_lib
[0.393s] creating /home/anwar/ros2_Workshop1_ws/install/worksohp1/lib/python3.10/site-packages/worksohp1
[0.393s] copying /home/anwar/ros2_Workshop1_ws/build/worksohp1/build/lib/worksohp1/__init__.py -> /home/anwar/ros2_Workshop1_ws/install/worksohp1/lib/python3.10/site-packages/worksohp1
[0.394s] byte-compiling /home/anwar/ros2_Workshop1_ws/install/worksohp1/lib/python3.10/site-packages/worksohp1/__init__.py to __init__.cpython-310.pyc
[0.394s] running install_data
[0.394s] creating /home/anwar/ros2_Workshop1_ws/install/worksohp1/share/ament_index
[0.394s] creating /home/anwar/ros2_Workshop1_ws/install/worksohp1/share/ament_index/resource_index
[0.394s] creating /home/anwar/ros2_Workshop1_ws/install/worksohp1/share/ament_index/resource_index/packages
[0.394s] copying resource/worksohp1 -> /home/anwar/ros2_Workshop1_ws/install/worksohp1/share/ament_index/resource_index/packages
[0.394s] copying package.xml -> /home/anwar/ros2_Workshop1_ws/install/worksohp1/share/worksohp1
[0.394s] running install_egg_info
[0.395s] Copying ../../build/worksohp1/worksohp1.egg-info to /home/anwar/ros2_Workshop1_ws/install/worksohp1/lib/python3.10/site-packages/worksohp1-0.0.0-py3.10.egg-info
[0.395s] running install_scripts
[0.407s] writing list of installed files to '/home/anwar/ros2_Workshop1_ws/build/worksohp1/install.log'
[0.418s] Invoked command in '/home/anwar/ros2_Workshop1_ws/src/worksohp1' returned '0': PYTHONPATH=/home/anwar/ros2_Workshop1_ws/build/worksohp1/prefix_override:/usr/lib/python3/dist-packages/colcon_core/task/python/colcon_distutils_commands:/home/anwar/ros2_Workshop1_ws/install/worksohp1/lib/python3.10/site-packages:${PYTHONPATH} /usr/bin/python3 -W ignore:setup.py install is deprecated setup.py egg_info --egg-base ../../build/worksohp1 build --build-base /home/anwar/ros2_Workshop1_ws/build/worksohp1/build install --record /home/anwar/ros2_Workshop1_ws/build/worksohp1/install.log --single-version-externally-managed install_data
